<?xml version="1.0" encoding="UTF-8"?>
<!-- Generated by org.testng.reporters.JUnitXMLReporter -->
<testsuite ignored="0" hostname="Aayush" failures="1" tests="1" name="Default test" time="35.514" errors="0" timestamp="2024-05-26T23:22:47 IST">
  <testcase classname="io.cucumber.testng.AbstractTestNGCucumberTests" name="runScenario" time="33.288">
    <failure type="java.lang.AssertionError" message="Selected item is not aaded in cart. expected [true] but found [false]">
      <![CDATA[java.lang.AssertionError: Selected item is not aaded in cart. expected [true] but found [false]
at org.testng.Assert.fail(Assert.java:111)
at org.testng.Assert.failNotEquals(Assert.java:1578)
at org.testng.Assert.assertTrue(Assert.java:57)
at StepDefinitations.StepDefinationImpl.Checkout_submit_the_order(StepDefinationImpl.java:48)
at âœ½.Checkout <productname> and submit the order(file:///C:/Users/AKU/eclipse-workspace/Automation-Testing/selenium-Java-Framework/src/test/java/cucumber/LoginPageScript.feature:13)
]]>
    </failure>
  </testcase> <!-- runScenario -->
</testsuite> <!-- Default test -->
